<?xml version="1.0" encoding="UTF-8"?>
<!-- Generated by org.testng.reporters.JUnitXMLReporter -->
<testsuite ignored="0" hostname="Saurabhchoudhari" failures="0" tests="1" name="Test-1" time="13.31" errors="0" timestamp="2024-01-30T14:26:42 IST">
  <testcase classname="CrossBrowserTestPackage.CrossBrowserTestDemo" name="titleCheck" time="11.849"/>
</testsuite> <!-- Test-1 -->
