<?xml version="1.0" encoding="UTF-8"?>
<!-- Generated by org.testng.reporters.JUnitXMLReporter -->
<testsuite ignored="0" hostname="Saurabhchoudhari" failures="0" tests="1" name="Test-0" time="15.126" errors="0" timestamp="2024-01-30T14:26:44 IST">
  <testcase classname="CrossBrowserTestPackage.CrossBrowserTestDemo" name="titleCheck" time="13.63"/>
</testsuite> <!-- Test-0 -->
