<?xml version="1.0" encoding="UTF-8"?>
<!-- Generated by org.testng.reporters.JUnitXMLReporter -->
<testsuite ignored="0" hostname="Saurabhchoudhari" failures="0" tests="1" name="Test-2" time="16.774" errors="0" timestamp="2024-01-30T14:26:45 IST">
  <testcase classname="CrossBrowserTestPackage.CrossBrowserTestDemo" name="titleCheck" time="16.549"/>
</testsuite> <!-- Test-2 -->
