<?xml version="1.0" encoding="UTF-8"?>
<!-- Generated by org.testng.reporters.JUnitReportReporter -->
<testsuite hostname="Saurabhchoudhari" failures="0" tests="3" name="CrossBrowserTestPackage.CrossBrowserTestDemo2" time="128.278" errors="0" timestamp="2024-01-30T14:28:21 IST" skipped="0">
  <testcase classname="CrossBrowserTestPackage.CrossBrowserTestDemo2" name="titleCheckGoogle" time="22.762"/>
  <testcase classname="CrossBrowserTestPackage.CrossBrowserTestDemo2" name="titleCheckGoogle" time="12.322"/>
  <testcase classname="CrossBrowserTestPackage.CrossBrowserTestDemo2" name="titleCheckGoogle" time="93.194"/>
</testsuite> <!-- CrossBrowserTestPackage.CrossBrowserTestDemo2 -->
