<?xml version="1.0" encoding="UTF-8"?>
<!-- Generated by org.testng.reporters.JUnitReportReporter -->
<testsuite hostname="Saurabhchoudhari" failures="0" tests="3" name="CrossBrowserTestPackage.CrossBrowserTestDemo" time="42.028" errors="0" timestamp="2024-01-30T14:28:21 IST" skipped="0">
  <testcase classname="CrossBrowserTestPackage.CrossBrowserTestDemo" name="titleCheck" time="11.849"/>
  <testcase classname="CrossBrowserTestPackage.CrossBrowserTestDemo" name="titleCheck" time="16.549"/>
  <testcase classname="CrossBrowserTestPackage.CrossBrowserTestDemo" name="titleCheck" time="13.630"/>
</testsuite> <!-- CrossBrowserTestPackage.CrossBrowserTestDemo -->
